<?xml version="1.0" encoding="UTF-8"?>
<!-- Generated by org.testng.reporters.JUnitReportReporter -->
<testsuite hostname="DESKTOP-S4R77UG" failures="0" tests="1" name="com.bank.tests.RegistrationTest" time="4.289" errors="0" timestamp="2024-12-30T21:21:58 IST" skipped="0">
  <testcase classname="com.bank.tests.RegistrationTest" name="registration_Test" time="4.289"/>
  <system-out/>
</testsuite> <!-- com.bank.tests.RegistrationTest -->
